DEB [20220630-09:23:48.582] thr=1   paramiko.transport: starting thread (client mode): 0x1659ba00
DEB [20220630-09:23:48.582] thr=1   paramiko.transport: Local version/idstring: SSH-2.0-paramiko_2.11.0
DEB [20220630-09:23:48.604] thr=1   paramiko.transport: Remote version/idstring: SSH-2.0-OpenSSH_8.2p1 Ubuntu-4ubuntu0.3
INF [20220630-09:23:48.604] thr=1   paramiko.transport: Connected (version 2.0, client OpenSSH_8.2p1)
DEB [20220630-09:23:48.621] thr=1   paramiko.transport: === Key exchange possibilities ===
DEB [20220630-09:23:48.621] thr=1   paramiko.transport: kex algos: curve25519-sha256, curve25519-sha256@libssh.org, ecdh-sha2-nistp256, ecdh-sha2-nistp384, ecdh-sha2-nistp521, diffie-hellman-group-exchange-sha256, diffie-hellman-group16-sha512, diffie-hellman-group18-sha512, diffie-hellman-group14-sha256
DEB [20220630-09:23:48.621] thr=1   paramiko.transport: server key: rsa-sha2-512, rsa-sha2-256, ssh-rsa, ecdsa-sha2-nistp256, ssh-ed25519
DEB [20220630-09:23:48.621] thr=1   paramiko.transport: client encrypt: chacha20-poly1305@openssh.com, aes128-ctr, aes192-ctr, aes256-ctr, aes128-gcm@openssh.com, aes256-gcm@openssh.com
DEB [20220630-09:23:48.621] thr=1   paramiko.transport: server encrypt: chacha20-poly1305@openssh.com, aes128-ctr, aes192-ctr, aes256-ctr, aes128-gcm@openssh.com, aes256-gcm@openssh.com
DEB [20220630-09:23:48.621] thr=1   paramiko.transport: client mac: umac-64-etm@openssh.com, umac-128-etm@openssh.com, hmac-sha2-256-etm@openssh.com, hmac-sha2-512-etm@openssh.com, hmac-sha1-etm@openssh.com, umac-64@openssh.com, umac-128@openssh.com, hmac-sha2-256, hmac-sha2-512, hmac-sha1
DEB [20220630-09:23:48.621] thr=1   paramiko.transport: server mac: umac-64-etm@openssh.com, umac-128-etm@openssh.com, hmac-sha2-256-etm@openssh.com, hmac-sha2-512-etm@openssh.com, hmac-sha1-etm@openssh.com, umac-64@openssh.com, umac-128@openssh.com, hmac-sha2-256, hmac-sha2-512, hmac-sha1
DEB [20220630-09:23:48.621] thr=1   paramiko.transport: client compress: none, zlib@openssh.com
DEB [20220630-09:23:48.621] thr=1   paramiko.transport: server compress: none, zlib@openssh.com
DEB [20220630-09:23:48.621] thr=1   paramiko.transport: client lang: <none>
DEB [20220630-09:23:48.622] thr=1   paramiko.transport: server lang: <none>
DEB [20220630-09:23:48.622] thr=1   paramiko.transport: kex follows: False
DEB [20220630-09:23:48.622] thr=1   paramiko.transport: === Key exchange agreements ===
DEB [20220630-09:23:48.622] thr=1   paramiko.transport: Kex: curve25519-sha256@libssh.org
DEB [20220630-09:23:48.622] thr=1   paramiko.transport: HostKey: ssh-ed25519
DEB [20220630-09:23:48.622] thr=1   paramiko.transport: Cipher: aes128-ctr
DEB [20220630-09:23:48.622] thr=1   paramiko.transport: MAC: hmac-sha2-256
DEB [20220630-09:23:48.622] thr=1   paramiko.transport: Compression: none
DEB [20220630-09:23:48.622] thr=1   paramiko.transport: === End of kex handshake ===
DEB [20220630-09:23:48.648] thr=1   paramiko.transport: kex engine KexCurve25519 specified hash_algo <built-in function openssl_sha256>
DEB [20220630-09:23:48.648] thr=1   paramiko.transport: Switch to new keys ...
DEB [20220630-09:23:48.648] thr=1   paramiko.transport: Got EXT_INFO: {'server-sig-algs': b'ssh-ed25519,sk-ssh-ed25519@openssh.com,ssh-rsa,rsa-sha2-256,rsa-sha2-512,ssh-dss,ecdsa-sha2-nistp256,ecdsa-sha2-nistp384,ecdsa-sha2-nistp521,sk-ecdsa-sha2-nistp256@openssh.com'}
DEB [20220630-09:23:48.648] thr=2   paramiko.transport: Adding ssh-ed25519 host key for 124.220.19.232: b'0efec81a7f23d323c6fcd531922850a6'
DEB [20220630-09:23:48.764] thr=2   paramiko.transport: Trying discovered key b'a873e43c7cafcb56dfcf37c953f7919f' in C:\Users\86198/.ssh/id_rsa
DEB [20220630-09:23:48.781] thr=1   paramiko.transport: userauth is OK
DEB [20220630-09:23:48.781] thr=1   paramiko.transport: Finalizing pubkey algorithm for key of type 'ssh-rsa'
DEB [20220630-09:23:48.781] thr=1   paramiko.transport: Our pubkey algorithm list: ['rsa-sha2-512', 'rsa-sha2-256', 'ssh-rsa']
DEB [20220630-09:23:48.781] thr=1   paramiko.transport: Server-side algorithm list: ['ssh-ed25519', 'sk-ssh-ed25519@openssh.com', 'ssh-rsa', 'rsa-sha2-256', 'rsa-sha2-512', 'ssh-dss', 'ecdsa-sha2-nistp256', 'ecdsa-sha2-nistp384', 'ecdsa-sha2-nistp521', 'sk-ecdsa-sha2-nistp256@openssh.com']
DEB [20220630-09:23:48.781] thr=1   paramiko.transport: Agreed upon 'rsa-sha2-512' pubkey algorithm
INF [20220630-09:23:48.813] thr=1   paramiko.transport: Authentication (publickey) failed.
DEB [20220630-09:23:48.830] thr=1   paramiko.transport: userauth is OK
INF [20220630-09:23:48.876] thr=1   paramiko.transport: Authentication (password) successful!
DEB [20220630-09:23:48.877] thr=2   paramiko.transport: [chan 0] Max packet in: 32768 bytes
DEB [20220630-09:23:49.454] thr=1   paramiko.transport: Received global request "hostkeys-00@openssh.com"
DEB [20220630-09:23:49.454] thr=1   paramiko.transport: Rejecting "hostkeys-00@openssh.com" global request from server.
DEB [20220630-09:23:49.520] thr=1   paramiko.transport: [chan 0] Max packet out: 32768 bytes
DEB [20220630-09:23:49.521] thr=1   paramiko.transport: Secsh channel 0 opened.
DEB [20220630-09:23:49.542] thr=1   paramiko.transport: [chan 0] Sesch channel 0 request ok
DEB [20220630-09:23:49.545] thr=1   paramiko.transport: [chan 0] EOF received (0)
DEB [20220630-09:23:49.545] thr=1   paramiko.transport: EOF in transport thread
DEB [20220630-09:25:03.691] thr=3   paramiko.transport: starting thread (client mode): 0x16655580
DEB [20220630-09:25:03.691] thr=3   paramiko.transport: Local version/idstring: SSH-2.0-paramiko_2.11.0
DEB [20220630-09:25:03.720] thr=3   paramiko.transport: Remote version/idstring: SSH-2.0-OpenSSH_8.2p1 Ubuntu-4ubuntu0.3
INF [20220630-09:25:03.720] thr=3   paramiko.transport: Connected (version 2.0, client OpenSSH_8.2p1)
DEB [20220630-09:25:03.737] thr=3   paramiko.transport: === Key exchange possibilities ===
DEB [20220630-09:25:03.737] thr=3   paramiko.transport: kex algos: curve25519-sha256, curve25519-sha256@libssh.org, ecdh-sha2-nistp256, ecdh-sha2-nistp384, ecdh-sha2-nistp521, diffie-hellman-group-exchange-sha256, diffie-hellman-group16-sha512, diffie-hellman-group18-sha512, diffie-hellman-group14-sha256
DEB [20220630-09:25:03.737] thr=3   paramiko.transport: server key: rsa-sha2-512, rsa-sha2-256, ssh-rsa, ecdsa-sha2-nistp256, ssh-ed25519
DEB [20220630-09:25:03.737] thr=3   paramiko.transport: client encrypt: chacha20-poly1305@openssh.com, aes128-ctr, aes192-ctr, aes256-ctr, aes128-gcm@openssh.com, aes256-gcm@openssh.com
DEB [20220630-09:25:03.737] thr=3   paramiko.transport: server encrypt: chacha20-poly1305@openssh.com, aes128-ctr, aes192-ctr, aes256-ctr, aes128-gcm@openssh.com, aes256-gcm@openssh.com
DEB [20220630-09:25:03.738] thr=3   paramiko.transport: client mac: umac-64-etm@openssh.com, umac-128-etm@openssh.com, hmac-sha2-256-etm@openssh.com, hmac-sha2-512-etm@openssh.com, hmac-sha1-etm@openssh.com, umac-64@openssh.com, umac-128@openssh.com, hmac-sha2-256, hmac-sha2-512, hmac-sha1
DEB [20220630-09:25:03.738] thr=3   paramiko.transport: server mac: umac-64-etm@openssh.com, umac-128-etm@openssh.com, hmac-sha2-256-etm@openssh.com, hmac-sha2-512-etm@openssh.com, hmac-sha1-etm@openssh.com, umac-64@openssh.com, umac-128@openssh.com, hmac-sha2-256, hmac-sha2-512, hmac-sha1
DEB [20220630-09:25:03.738] thr=3   paramiko.transport: client compress: none, zlib@openssh.com
DEB [20220630-09:25:03.738] thr=3   paramiko.transport: server compress: none, zlib@openssh.com
DEB [20220630-09:25:03.738] thr=3   paramiko.transport: client lang: <none>
DEB [20220630-09:25:03.738] thr=3   paramiko.transport: server lang: <none>
DEB [20220630-09:25:03.738] thr=3   paramiko.transport: kex follows: False
DEB [20220630-09:25:03.738] thr=3   paramiko.transport: === Key exchange agreements ===
DEB [20220630-09:25:03.738] thr=3   paramiko.transport: Kex: curve25519-sha256@libssh.org
DEB [20220630-09:25:03.738] thr=3   paramiko.transport: HostKey: ssh-ed25519
DEB [20220630-09:25:03.738] thr=3   paramiko.transport: Cipher: aes128-ctr
DEB [20220630-09:25:03.739] thr=3   paramiko.transport: MAC: hmac-sha2-256
DEB [20220630-09:25:03.739] thr=3   paramiko.transport: Compression: none
DEB [20220630-09:25:03.739] thr=3   paramiko.transport: === End of kex handshake ===
DEB [20220630-09:25:03.764] thr=3   paramiko.transport: kex engine KexCurve25519 specified hash_algo <built-in function openssl_sha256>
DEB [20220630-09:25:03.765] thr=3   paramiko.transport: Switch to new keys ...
DEB [20220630-09:25:03.765] thr=2   paramiko.transport: Adding ssh-ed25519 host key for 124.220.19.232: b'0efec81a7f23d323c6fcd531922850a6'
DEB [20220630-09:25:03.765] thr=3   paramiko.transport: Got EXT_INFO: {'server-sig-algs': b'ssh-ed25519,sk-ssh-ed25519@openssh.com,ssh-rsa,rsa-sha2-256,rsa-sha2-512,ssh-dss,ecdsa-sha2-nistp256,ecdsa-sha2-nistp384,ecdsa-sha2-nistp521,sk-ecdsa-sha2-nistp256@openssh.com'}
DEB [20220630-09:25:03.868] thr=2   paramiko.transport: Trying discovered key b'a873e43c7cafcb56dfcf37c953f7919f' in C:\Users\86198/.ssh/id_rsa
DEB [20220630-09:25:03.883] thr=3   paramiko.transport: userauth is OK
DEB [20220630-09:25:03.883] thr=3   paramiko.transport: Finalizing pubkey algorithm for key of type 'ssh-rsa'
DEB [20220630-09:25:03.883] thr=3   paramiko.transport: Our pubkey algorithm list: ['rsa-sha2-512', 'rsa-sha2-256', 'ssh-rsa']
DEB [20220630-09:25:03.883] thr=3   paramiko.transport: Server-side algorithm list: ['ssh-ed25519', 'sk-ssh-ed25519@openssh.com', 'ssh-rsa', 'rsa-sha2-256', 'rsa-sha2-512', 'ssh-dss', 'ecdsa-sha2-nistp256', 'ecdsa-sha2-nistp384', 'ecdsa-sha2-nistp521', 'sk-ecdsa-sha2-nistp256@openssh.com']
DEB [20220630-09:25:03.884] thr=3   paramiko.transport: Agreed upon 'rsa-sha2-512' pubkey algorithm
INF [20220630-09:25:03.913] thr=3   paramiko.transport: Authentication (publickey) failed.
DEB [20220630-09:25:03.929] thr=3   paramiko.transport: userauth is OK
INF [20220630-09:25:03.953] thr=3   paramiko.transport: Authentication (password) successful!
DEB [20220630-09:25:03.953] thr=2   paramiko.transport: [chan 0] Max packet in: 32768 bytes
DEB [20220630-09:25:04.413] thr=3   paramiko.transport: Received global request "hostkeys-00@openssh.com"
DEB [20220630-09:25:04.414] thr=3   paramiko.transport: Rejecting "hostkeys-00@openssh.com" global request from server.
DEB [20220630-09:25:04.473] thr=3   paramiko.transport: [chan 0] Max packet out: 32768 bytes
DEB [20220630-09:25:04.473] thr=3   paramiko.transport: Secsh channel 0 opened.
DEB [20220630-09:25:04.490] thr=3   paramiko.transport: [chan 0] Sesch channel 0 request ok
DEB [20220630-09:25:04.493] thr=3   paramiko.transport: [chan 0] EOF received (0)
DEB [20220630-09:25:04.493] thr=3   paramiko.transport: EOF in transport thread
